[DEBUG] Migration already effectively installed (skipped): \phpbb\db\migration\data\v31x\v315rc1
[DEBUG] Migration already effectively installed (skipped): \phpbb\db\migration\data\v31x\add_log_time_index
[DEBUG] Migration already effectively installed (skipped): \phpbb\db\migration\data\v31x\v311
[DEBUG] Migration already effectively installed (skipped): \phpbb\db\migration\data\v31x\v312rc1
[DEBUG] Migration already effectively installed (skipped): \phpbb\db\migration\data\v31x\add_latest_topics_index
[DEBUG] Migration already effectively installed (skipped): \phpbb\db\migration\data\v31x\v317rc1
[DEBUG] Migration already effectively installed (skipped): \phpbb\db\migration\data\v31x\v314
[DEBUG] Migration already effectively installed (skipped): \phpbb\db\migration\data\v31x\v3110rc1
[DEBUG] Migration already effectively installed (skipped): \phpbb\db\migration\data\v31x\v318
[DEBUG] Migration already effectively installed (skipped): \phpbb\db\migration\data\v31x\v3112
[DEBUG] Migration already effectively installed (skipped): \phpbb\db\migration\data\v31x\v316rc1
[DEBUG] Migration already effectively installed (skipped): \phpbb\db\migration\data\v31x\add_smtp_ssl_context_config_options
[DEBUG] Migration already effectively installed (skipped): \phpbb\db\migration\data\v31x\m_pm_report
[DEBUG] Migration already effectively installed (skipped): \phpbb\db\migration\data\v31x\v3111
[DEBUG] Migration already effectively installed (skipped): \phpbb\db\migration\data\v31x\increase_size_of_emotion
[DEBUG] Migration already effectively installed (skipped): \phpbb\db\migration\data\v31x\update_custom_bbcodes_with_idn
[DEBUG] Migration already effectively installed (skipped): \phpbb\db\migration\data\v31x\update_hashes
[DEBUG] Migration already effectively installed (skipped): \phpbb\db\migration\data\v31x\plupload_last_gc_dynamic
[DEBUG] Migration already effectively installed (skipped): \phpbb\db\migration\data\v31x\v3111rc1
[DEBUG] Migration already effectively installed (skipped): \phpbb\db\migration\data\v31x\v313rc2
[DEBUG] Migration already effectively installed (skipped): \phpbb\db\migration\data\v31x\increase_size_of_dateformat
[DEBUG] Migration already effectively installed (skipped): \phpbb\db\migration\data\v31x\v318rc1
[DEBUG] Migration already effectively installed (skipped): \phpbb\db\migration\data\v31x\remove_duplicate_migrations
[DEBUG] Migration already effectively installed (skipped): \phpbb\db\migration\data\v31x\v315
[DEBUG] Migration already effectively installed (skipped): \phpbb\db\migration\data\v31x\v317pl1
[DEBUG] Migration already effectively installed (skipped): \phpbb\db\migration\data\v31x\v317
[DEBUG] Migration already effectively installed (skipped): \phpbb\db\migration\data\v31x\v312
[DEBUG] Migration already effectively installed (skipped): \phpbb\db\migration\data\v31x\v314rc1
[DEBUG] Migration already effectively installed (skipped): \phpbb\db\migration\data\v31x\m_softdelete_global
[DEBUG] Migration already effectively installed (skipped): \phpbb\db\migration\data\v31x\v313rc1
[DEBUG] Migration already effectively installed (skipped): \phpbb\db\migration\data\v31x\v313
[DEBUG] Migration already effectively installed (skipped): \phpbb\db\migration\data\v31x\style_update
[DEBUG] Migration already effectively installed (skipped): \phpbb\db\migration\data\v31x\profilefield_yahoo_update_url
[DEBUG] Migration already effectively installed (skipped): \phpbb\db\migration\data\v31x\add_jabber_ssl_context_config_options
[DEBUG] Migration already effectively installed (skipped): \phpbb\db\migration\data\v31x\v3110
[DEBUG] Migration already effectively installed (skipped): \phpbb\db\migration\data\v31x\v316
[DEBUG] Migration already effectively installed (skipped): \phpbb\db\migration\data\v31x\profilefield_remove_underscore_from_alpha
[DEBUG] Migration already effectively installed (skipped): \phpbb\db\migration\data\v31x\v314rc2
[DEBUG] Migration already effectively installed (skipped): \phpbb\db\migration\data\v31x\v319
[DEBUG] Migration already effectively installed (skipped): \phpbb\db\migration\data\v31x\v319rc1
[DEBUG] Apply dependencies of \phpbb\db\migration\data\v330\jquery_update.
[DEBUG] Apply dependencies of \phpbb\db\migration\data\v330\dev.
[DEBUG] Apply dependencies of \phpbb\db\migration\data\v32x\v327.
[DEBUG] Apply dependencies of \phpbb\db\migration\data\v32x\v327rc1.
[DEBUG] Apply dependencies of \phpbb\db\migration\data\v32x\v326.
[DEBUG] Apply dependencies of \phpbb\db\migration\data\v32x\v326rc1.
[DEBUG] Apply dependencies of \phpbb\db\migration\data\v32x\v325.
[DEBUG] Apply dependencies of \phpbb\db\migration\data\v32x\v325rc1.
[DEBUG] Apply dependencies of \phpbb\db\migration\data\v32x\v324.
[DEBUG] Apply dependencies of \phpbb\db\migration\data\v32x\v324rc1.
[DEBUG] Apply dependencies of \phpbb\db\migration\data\v32x\v323.
[DEBUG] Apply dependencies of \phpbb\db\migration\data\v32x\v323rc2.
[DEBUG] Apply dependencies of \phpbb\db\migration\data\v32x\v323rc1.
[DEBUG] Apply dependencies of \phpbb\db\migration\data\v32x\v322.
[DEBUG] Apply dependencies of \phpbb\db\migration\data\v32x\v322rc1.
[DEBUG] Apply dependencies of \phpbb\db\migration\data\v32x\v321.
[DEBUG] Apply dependencies of \phpbb\db\migration\data\v32x\v321rc1.
[DEBUG] Apply dependencies of \phpbb\db\migration\data\v320\v320.
[DEBUG] Apply dependencies of \phpbb\db\migration\data\v320\cookie_notice.
[DEBUG] Apply dependencies of \phpbb\db\migration\data\v320\v320rc2.
[DEBUG] Apply dependencies of \phpbb\db\migration\data\v320\add_help_phpbb.
[DEBUG] Apply dependencies of \phpbb\db\migration\data\v320\v320rc1.
[DEBUG] Apply dependencies of \phpbb\db\migration\data\v320\report_id_auto_increment.
[DEBUG] Apply dependencies of \phpbb\db\migration\data\v320\default_data_type_ids.
[DEBUG] Installing Schema: \phpbb\db\migration\data\v320\default_data_type_ids.
[DEBUG] Installing Schema: \phpbb\db\migration\data\v320\default_data_type_ids; Time: 112.63 seconds
