[DEBUG] Apply dependencies of \phpbb\db\migration\data\v31x\v315rc1.
[DEBUG] Apply dependencies of \phpbb\db\migration\data\v31x\v314.
[DEBUG] Apply dependencies of \phpbb\db\migration\data\v31x\v314rc2.
[DEBUG] Apply dependencies of \phpbb\db\migration\data\v31x\v314rc1.
[DEBUG] Apply dependencies of \phpbb\db\migration\data\v31x\v313.
[DEBUG] Apply dependencies of \phpbb\db\migration\data\v31x\v313rc2.
[DEBUG] Apply dependencies of \phpbb\db\migration\data\v31x\v313rc1.
[DEBUG] Apply dependencies of \phpbb\db\migration\data\v31x\plupload_last_gc_dynamic.
[DEBUG] Apply dependencies of \phpbb\db\migration\data\v31x\v312.
[DEBUG] Apply dependencies of \phpbb\db\migration\data\v31x\v312rc1.
[DEBUG] Apply dependencies of \phpbb\db\migration\data\v31x\v311.
[DEBUG] Apply dependencies of \phpbb\db\migration\data\v310\gold.
[DEBUG] Apply dependencies of \phpbb\db\migration\data\v310\rc6.
[DEBUG] Apply dependencies of \phpbb\db\migration\data\v310\rc5.
[DEBUG] Apply dependencies of \phpbb\db\migration\data\v310\rc4.
[DEBUG] Apply dependencies of \phpbb\db\migration\data\v310\rc3.
[DEBUG] Apply dependencies of \phpbb\db\migration\data\v310\rc2.
[DEBUG] Apply dependencies of \phpbb\db\migration\data\v310\rc1.
[DEBUG] Apply dependencies of \phpbb\db\migration\data\v310\beta4.
[DEBUG] Apply dependencies of \phpbb\db\migration\data\v310\beta3.
[DEBUG] Apply dependencies of \phpbb\db\migration\data\v310\beta2.
[DEBUG] Apply dependencies of \phpbb\db\migration\data\v310\beta1.
[DEBUG] Apply dependencies of \phpbb\db\migration\data\v310\alpha3.
[DEBUG] Apply dependencies of \phpbb\db\migration\data\v310\alpha2.
[DEBUG] Apply dependencies of \phpbb\db\migration\data\v310\alpha1.
[DEBUG] Apply dependencies of \phpbb\db\migration\data\v310\softdelete_mcp_modules.
[DEBUG] Apply dependencies of \phpbb\db\migration\data\v310\softdelete_p2.
[DEBUG] Apply dependencies of \phpbb\db\migration\data\v310\softdelete_p1.
[DEBUG] Installing Schema: \phpbb\db\migration\data\v310\softdelete_p1.
[DEBUG] Installing Schema: \phpbb\db\migration\data\v310\softdelete_p1; Time: 114.18 seconds
